c:\users\lando\documents\github\bt-clipper\windows\bt-clip\builds\visualstudio2019\x64\release\shared code\bt-clip.pdb
c:\users\lando\documents\github\bt-clipper\windows\bt-clip\builds\visualstudio2019\x64\release\shared code\include_juce_gui_basics.obj
c:\users\lando\documents\github\bt-clipper\windows\bt-clip\builds\visualstudio2019\x64\release\shared code\eqtoggle.obj
c:\users\lando\documents\github\bt-clipper\windows\bt-clip\builds\visualstudio2019\x64\release\shared code\lv_svfilter.obj
c:\users\lando\documents\github\bt-clipper\windows\bt-clip\builds\visualstudio2019\x64\release\shared code\binarydata.obj
c:\users\lando\documents\github\bt-clipper\windows\bt-clip\builds\visualstudio2019\x64\release\shared code\addremovelisteners.obj
c:\users\lando\documents\github\bt-clipper\windows\bt-clip\builds\visualstudio2019\x64\release\shared code\pedaldistortion.obj
c:\users\lando\documents\github\bt-clipper\windows\bt-clip\builds\visualstudio2019\x64\release\shared code\pluginprocessor.obj
c:\users\lando\documents\github\bt-clipper\windows\bt-clip\builds\visualstudio2019\x64\release\shared code\include_juce_gui_extra.obj
c:\users\lando\documents\github\bt-clipper\windows\bt-clip\builds\visualstudio2019\x64\release\shared code\dialprops.obj
c:\users\lando\documents\github\bt-clipper\windows\bt-clip\builds\visualstudio2019\x64\release\shared code\lv_clippers.obj
c:\users\lando\documents\github\bt-clipper\windows\bt-clip\builds\visualstudio2019\x64\release\shared code\stylesheet.obj
c:\users\lando\documents\github\bt-clipper\windows\bt-clip\builds\visualstudio2019\x64\release\shared code\include_juce_dsp.obj
c:\users\lando\documents\github\bt-clipper\windows\bt-clip\builds\visualstudio2019\x64\release\shared code\initmenu.obj
c:\users\lando\documents\github\bt-clipper\windows\bt-clip\builds\visualstudio2019\x64\release\shared code\preparemidtone.obj
c:\users\lando\documents\github\bt-clipper\windows\bt-clip\builds\visualstudio2019\x64\release\shared code\include_juce_audio_utils.obj
c:\users\lando\documents\github\bt-clipper\windows\bt-clip\builds\visualstudio2019\x64\release\shared code\initsliders.obj
c:\users\lando\documents\github\bt-clipper\windows\bt-clip\builds\visualstudio2019\x64\release\shared code\phasetoggle.obj
c:\users\lando\documents\github\bt-clipper\windows\bt-clip\builds\visualstudio2019\x64\release\shared code\binarydata2.obj
c:\users\lando\documents\github\bt-clipper\windows\bt-clip\builds\visualstudio2019\x64\release\shared code\include_juce_events.obj
c:\users\lando\documents\github\bt-clipper\windows\bt-clip\builds\visualstudio2019\x64\release\shared code\inittoggles.obj
c:\users\lando\documents\github\bt-clipper\windows\bt-clip\builds\visualstudio2019\x64\release\shared code\prepareothers.obj
c:\users\lando\documents\github\bt-clipper\windows\bt-clip\builds\visualstudio2019\x64\release\shared code\include_juce_audio_basics.obj
c:\users\lando\documents\github\bt-clipper\windows\bt-clip\builds\visualstudio2019\x64\release\shared code\include_juce_core.obj
c:\users\lando\documents\github\bt-clipper\windows\bt-clip\builds\visualstudio2019\x64\release\shared code\cleanmemory.obj
c:\users\lando\documents\github\bt-clipper\windows\bt-clip\builds\visualstudio2019\x64\release\shared code\paramschanged.obj
c:\users\lando\documents\github\bt-clipper\windows\bt-clip\builds\visualstudio2019\x64\release\shared code\include_juce_audio_devices.obj
c:\users\lando\documents\github\bt-clipper\windows\bt-clip\builds\visualstudio2019\x64\release\shared code\createwindow.obj
c:\users\lando\documents\github\bt-clipper\windows\bt-clip\builds\visualstudio2019\x64\release\shared code\prepareclipper.obj
c:\users\lando\documents\github\bt-clipper\windows\bt-clip\builds\visualstudio2019\x64\release\shared code\include_juce_audio_plugin_client_utils.obj
c:\users\lando\documents\github\bt-clipper\windows\bt-clip\builds\visualstudio2019\x64\release\shared code\createparams.obj
c:\users\lando\documents\github\bt-clipper\windows\bt-clip\builds\visualstudio2019\x64\release\shared code\setstate.obj
c:\users\lando\documents\github\bt-clipper\windows\bt-clip\builds\visualstudio2019\x64\release\shared code\include_juce_audio_processors.obj
c:\users\lando\documents\github\bt-clipper\windows\bt-clip\builds\visualstudio2019\x64\release\shared code\initlabels.obj
c:\users\lando\documents\github\bt-clipper\windows\bt-clip\builds\visualstudio2019\x64\release\shared code\maindsploop.obj
c:\users\lando\documents\github\bt-clipper\windows\bt-clip\builds\visualstudio2019\x64\release\shared code\plugineditor.obj
c:\users\lando\documents\github\bt-clipper\windows\bt-clip\builds\visualstudio2019\x64\release\shared code\include_juce_graphics.obj
c:\users\lando\documents\github\bt-clipper\windows\bt-clip\builds\visualstudio2019\x64\release\shared code\logo.obj
c:\users\lando\documents\github\bt-clipper\windows\bt-clip\builds\visualstudio2019\x64\release\shared code\positioncomponents.obj
c:\users\lando\documents\github\bt-clipper\windows\bt-clip\builds\visualstudio2019\x64\release\shared code\include_juce_audio_formats.obj
c:\users\lando\documents\github\bt-clipper\windows\bt-clip\builds\visualstudio2019\x64\release\shared code\background.obj
c:\users\lando\documents\github\bt-clipper\windows\bt-clip\builds\visualstudio2019\x64\release\shared code\lv_hardclipper.obj
c:\users\lando\documents\github\bt-clipper\windows\bt-clip\builds\visualstudio2019\x64\release\shared code\shadowprops.obj
c:\users\lando\documents\github\bt-clipper\windows\bt-clip\builds\visualstudio2019\x64\release\shared code\include_juce_data_structures.obj
c:\users\lando\documents\github\bt-clipper\windows\bt-clip\builds\visualstudio2019\x64\release\shared code\bt-clip.lib
c:\users\lando\documents\github\bt-clipper\windows\bt-clip\builds\visualstudio2019\x64\release\shared code\bt-clip_.e64e4769.tlog\cl.command.1.tlog
c:\users\lando\documents\github\bt-clipper\windows\bt-clip\builds\visualstudio2019\x64\release\shared code\bt-clip_.e64e4769.tlog\cl.read.1.tlog
c:\users\lando\documents\github\bt-clipper\windows\bt-clip\builds\visualstudio2019\x64\release\shared code\bt-clip_.e64e4769.tlog\cl.write.1.tlog
c:\users\lando\documents\github\bt-clipper\windows\bt-clip\builds\visualstudio2019\x64\release\shared code\bt-clip_.e64e4769.tlog\lib-link.read.1.tlog
c:\users\lando\documents\github\bt-clipper\windows\bt-clip\builds\visualstudio2019\x64\release\shared code\bt-clip_.e64e4769.tlog\lib-link.write.1.tlog
c:\users\lando\documents\github\bt-clipper\windows\bt-clip\builds\visualstudio2019\x64\release\shared code\bt-clip_.e64e4769.tlog\lib.command.1.tlog
